  main.cpp
C:\Users\user\source\repos\Computer_Vision_Project\Computer_Vision_Project\main.cpp(47,31): warning C4244: '인수': 'int'에서 '_Tp'(으)로 변환하면서 데이터가 손실될 수 있습니다.
          with
          [
              _Tp=float
          ]
C:\Users\user\source\repos\Computer_Vision_Project\Computer_Vision_Project\main.cpp(47,28): warning C4244: '인수': 'int'에서 '_Tp'(으)로 변환하면서 데이터가 손실될 수 있습니다.
          with
          [
              _Tp=float
          ]
C:\Users\user\source\repos\Computer_Vision_Project\Computer_Vision_Project\main.cpp(56,54): warning C4244: '인수': 'int'에서 '_Tp'(으)로 변환하면서 데이터가 손실될 수 있습니다.
          with
          [
              _Tp=float
          ]
C:\Users\user\source\repos\Computer_Vision_Project\Computer_Vision_Project\main.cpp(57,34): warning C4244: '인수': 'int'에서 '_Tp'(으)로 변환하면서 데이터가 손실될 수 있습니다.
          with
          [
              _Tp=float
          ]
C:\Users\user\source\repos\Computer_Vision_Project\Computer_Vision_Project\main.cpp(57,27): warning C4244: '인수': 'int'에서 '_Tp'(으)로 변환하면서 데이터가 손실될 수 있습니다.
          with
          [
              _Tp=float
          ]
C:\Users\user\source\repos\Computer_Vision_Project\Computer_Vision_Project\main.cpp(57,65): warning C4244: '인수': 'int'에서 '_Tp'(으)로 변환하면서 데이터가 손실될 수 있습니다.
          with
          [
              _Tp=float
          ]
C:\Users\user\source\repos\Computer_Vision_Project\Computer_Vision_Project\main.cpp(86,92): warning C4244: '인수': '_Tp'에서 '_Tp'(으)로 변환하면서 데이터가 손실될 수 있습니다.
          with
          [
              _Tp=double
          ]
          and
          [
              _Tp=int
          ]
C:\Users\user\source\repos\Computer_Vision_Project\Computer_Vision_Project\main.cpp(86,64): warning C4244: '인수': '_Tp'에서 '_Tp'(으)로 변환하면서 데이터가 손실될 수 있습니다.
          with
          [
              _Tp=double
          ]
          and
          [
              _Tp=int
          ]
C:\Users\user\source\repos\Computer_Vision_Project\Computer_Vision_Project\main.cpp(110,118): warning C4244: '인수': '_Tp'에서 '_Tp'(으)로 변환하면서 데이터가 손실될 수 있습니다.
          with
          [
              _Tp=double
          ]
          and
          [
              _Tp=int
          ]
C:\Users\user\source\repos\Computer_Vision_Project\Computer_Vision_Project\main.cpp(110,80): warning C4244: '인수': '_Tp'에서 '_Tp'(으)로 변환하면서 데이터가 손실될 수 있습니다.
          with
          [
              _Tp=double
          ]
          and
          [
              _Tp=int
          ]
  Computer_Vision_Project.vcxproj -> C:\Users\user\source\repos\Computer_Vision_Project\x64\Debug\Computer_Vision_Project.exe
